16:55:53.565 [main] ERROR o.s.boot.SpringApplication - Application run failed
java.lang.IllegalStateException: Logback configuration error detected: 
ERROR in ch.qos.logback.core.joran.action.NestedComplexPropertyIA - Could not create component [rollingPolicy] of type [ch.qos.logback.core.rolling.SizeAndTimeBasedRollinPolicy] java.lang.ClassNotFoundException: ch.qos.logback.core.rolling.SizeAndTimeBasedRollinPolicy
ERROR in ch.qos.logback.core.joran.spi.Interpreter@21:21 - no applicable action for [fileNamePattern], current ElementPath  is [[configuration][appender][rollingPolicy][fileNamePattern]]
ERROR in ch.qos.logback.core.joran.spi.Interpreter@22:17 - no applicable action for [maxFileSize], current ElementPath  is [[configuration][appender][rollingPolicy][maxFileSize]]
	at org.springframework.boot.logging.logback.LogbackLoggingSystem.loadConfiguration(LogbackLoggingSystem.java:169)
	at org.springframework.boot.logging.logback.LogbackLoggingSystem.reinitialize(LogbackLoggingSystem.java:222)
	at org.springframework.boot.logging.AbstractLoggingSystem.initializeWithConventions(AbstractLoggingSystem.java:73)
	at org.springframework.boot.logging.AbstractLoggingSystem.initialize(AbstractLoggingSystem.java:60)
	at org.springframework.boot.logging.logback.LogbackLoggingSystem.initialize(LogbackLoggingSystem.java:118)
	at org.springframework.boot.context.logging.LoggingApplicationListener.initializeSystem(LoggingApplicationListener.java:306)
	at org.springframework.boot.context.logging.LoggingApplicationListener.initialize(LoggingApplicationListener.java:281)
	at org.springframework.boot.context.logging.LoggingApplicationListener.onApplicationEnvironmentPreparedEvent(LoggingApplicationListener.java:239)
	at org.springframework.boot.context.logging.LoggingApplicationListener.onApplicationEvent(LoggingApplicationListener.java:216)
	at org.springframework.context.event.SimpleApplicationEventMulticaster.doInvokeListener(SimpleApplicationEventMulticaster.java:172)
	at org.springframework.context.event.SimpleApplicationEventMulticaster.invokeListener(SimpleApplicationEventMulticaster.java:165)
	at org.springframework.context.event.SimpleApplicationEventMulticaster.multicastEvent(SimpleApplicationEventMulticaster.java:139)
	at org.springframework.context.event.SimpleApplicationEventMulticaster.multicastEvent(SimpleApplicationEventMulticaster.java:127)
	at org.springframework.boot.context.event.EventPublishingRunListener.environmentPrepared(EventPublishingRunListener.java:80)
	at org.springframework.boot.SpringApplicationRunListeners.environmentPrepared(SpringApplicationRunListeners.java:53)
	at org.springframework.boot.SpringApplication.prepareEnvironment(SpringApplication.java:345)
	at org.springframework.boot.SpringApplication.run(SpringApplication.java:308)
	at org.springframework.boot.SpringApplication.run(SpringApplication.java:1237)
	at org.springframework.boot.SpringApplication.run(SpringApplication.java:1226)
	at co.com.escuelait.microservicessrl.MicroservicesSrlJavaClassesApplication.main(MicroservicesSrlJavaClassesApplication.java:10)
17:08:33.619 [background-preinit] INFO  o.h.validator.internal.util.Version - HV000001: Hibernate Validator 6.1.5.Final
17:08:33.701 [main] INFO  c.c.e.m.MicroservicesSrlJavaClassesApplication - Starting MicroservicesSrlJavaClassesApplication on Santiago with PID 5760 (C:\cursos\java\microservicessrl\target\classes started by SANTIAGO in C:\cursos\java\microservicessrl)
17:08:33.702 [main] INFO  c.c.e.m.MicroservicesSrlJavaClassesApplication - No active profile set, falling back to default profiles: default
17:08:37.653 [main] INFO  o.s.b.w.e.tomcat.TomcatWebServer - Tomcat initialized with port(s): 8081 (http)
17:08:37.682 [main] INFO  o.a.coyote.http11.Http11NioProtocol - Initializing ProtocolHandler ["http-nio-8081"]
17:08:37.683 [main] INFO  o.a.catalina.core.StandardService - Starting service [Tomcat]
17:08:37.683 [main] INFO  o.a.catalina.core.StandardEngine - Starting Servlet engine: [Apache Tomcat/9.0.38]
17:08:37.938 [main] INFO  o.a.c.c.C.[.[.[/escuelait/api/v1/microservices] - Initializing Spring embedded WebApplicationContext
17:08:37.939 [main] INFO  o.s.b.w.s.c.ServletWebServerApplicationContext - Root WebApplicationContext: initialization completed in 4069 ms
17:08:39.064 [main] INFO  s.d.s.w.PropertySourcedRequestMappingHandlerMapping - Mapped URL path [/v2/api-docs] onto method [springfox.documentation.swagger2.web.Swagger2Controller#getDocumentation(String, HttpServletRequest)]
17:08:39.323 [main] INFO  o.s.s.c.ThreadPoolTaskExecutor - Initializing ExecutorService 'applicationTaskExecutor'
17:08:39.602 [main] INFO  o.a.coyote.http11.Http11NioProtocol - Starting ProtocolHandler ["http-nio-8081"]
17:08:39.672 [main] INFO  o.s.b.w.e.tomcat.TomcatWebServer - Tomcat started on port(s): 8081 (http) with context path '/escuelait/api/v1/microservices'
17:08:39.674 [main] INFO  s.d.s.w.p.DocumentationPluginsBootstrapper - Context refreshed
17:08:39.733 [main] INFO  s.d.s.w.p.DocumentationPluginsBootstrapper - Found 1 custom documentation plugin(s)
17:08:39.828 [main] INFO  s.d.s.w.s.ApiListingReferenceScanner - Scanning for api listing references
17:08:40.351 [main] INFO  c.c.e.m.MicroservicesSrlJavaClassesApplication - Started MicroservicesSrlJavaClassesApplication in 7.52 seconds (JVM running for 9.028)
17:08:52.836 [http-nio-8081-exec-2] INFO  o.a.c.c.C.[.[.[/escuelait/api/v1/microservices] - Initializing Spring DispatcherServlet 'dispatcherServlet'
17:08:52.837 [http-nio-8081-exec-2] INFO  o.s.web.servlet.DispatcherServlet - Initializing Servlet 'dispatcherServlet'
17:08:52.875 [http-nio-8081-exec-2] INFO  o.s.web.servlet.DispatcherServlet - Completed initialization in 38 ms
17:11:43.728 [background-preinit] INFO  o.h.validator.internal.util.Version -HV000001: Hibernate Validator 6.1.5.Final
17:11:43.966 [main] INFO  c.c.e.m.MicroservicesSrlJavaClassesApplication -Starting MicroservicesSrlJavaClassesApplication on Santiago with PID 10844 (C:\cursos\java\microservicessrl\target\classes started by SANTIAGO in C:\cursos\java\microservicessrl)
17:11:43.978 [main] INFO  c.c.e.m.MicroservicesSrlJavaClassesApplication -No active profile set, falling back to default profiles: default
17:11:48.554 [main] INFO  o.s.b.w.e.tomcat.TomcatWebServer -Tomcat initialized with port(s): 8081 (http)
17:11:48.576 [main] INFO  o.a.coyote.http11.Http11NioProtocol -Initializing ProtocolHandler ["http-nio-8081"]
17:11:48.577 [main] INFO  o.a.catalina.core.StandardService -Starting service [Tomcat]
17:11:48.577 [main] INFO  o.a.catalina.core.StandardEngine -Starting Servlet engine: [Apache Tomcat/9.0.38]
17:11:48.811 [main] INFO  o.a.c.c.C.[.[.[/escuelait/api/v1/microservices] -Initializing Spring embedded WebApplicationContext
17:11:48.811 [main] INFO  o.s.b.w.s.c.ServletWebServerApplicationContext -Root WebApplicationContext: initialization completed in 4526 ms
17:11:49.845 [main] INFO  s.d.s.w.PropertySourcedRequestMappingHandlerMapping -Mapped URL path [/v2/api-docs] onto method [springfox.documentation.swagger2.web.Swagger2Controller#getDocumentation(String, HttpServletRequest)]
17:11:50.116 [main] INFO  o.s.s.c.ThreadPoolTaskExecutor -Initializing ExecutorService 'applicationTaskExecutor'
17:11:50.419 [main] INFO  o.a.coyote.http11.Http11NioProtocol -Starting ProtocolHandler ["http-nio-8081"]
17:11:50.494 [main] INFO  o.s.b.w.e.tomcat.TomcatWebServer -Tomcat started on port(s): 8081 (http) with context path '/escuelait/api/v1/microservices'
17:11:50.496 [main] INFO  s.d.s.w.p.DocumentationPluginsBootstrapper -Context refreshed
17:11:50.549 [main] INFO  s.d.s.w.p.DocumentationPluginsBootstrapper -Found 1 custom documentation plugin(s)
17:11:50.639 [main] INFO  s.d.s.w.s.ApiListingReferenceScanner -Scanning for api listing references
17:11:51.159 [main] INFO  c.c.e.m.MicroservicesSrlJavaClassesApplication -Started MicroservicesSrlJavaClassesApplication in 8.253 seconds (JVM running for 9.779)
17:12:11.661 [http-nio-8081-exec-1] INFO  o.a.c.c.C.[.[.[/escuelait/api/v1/microservices] -Initializing Spring DispatcherServlet 'dispatcherServlet'
17:12:11.662 [http-nio-8081-exec-1] INFO  o.s.web.servlet.DispatcherServlet -Initializing Servlet 'dispatcherServlet'
17:12:11.681 [http-nio-8081-exec-1] INFO  o.s.web.servlet.DispatcherServlet -Completed initialization in 19 ms
18:02:48.773 [background-preinit] INFO  o.h.validator.internal.util.Version -HV000001: Hibernate Validator 6.1.5.Final
18:02:48.849 [main] INFO  c.c.e.m.MicroservicesSrlJavaClassesApplication -Starting MicroservicesSrlJavaClassesApplication on Santiago with PID 8860 (C:\cursos\java\microservicessrl\target\classes started by SANTIAGO in C:\cursos\java\microservicessrl)
18:02:48.850 [main] INFO  c.c.e.m.MicroservicesSrlJavaClassesApplication -No active profile set, falling back to default profiles: default
18:02:53.629 [main] INFO  o.s.b.w.e.tomcat.TomcatWebServer -Tomcat initialized with port(s): 8081 (http)
18:02:53.700 [main] INFO  o.a.coyote.http11.Http11NioProtocol -Initializing ProtocolHandler ["http-nio-8081"]
18:02:53.701 [main] INFO  o.a.catalina.core.StandardService -Starting service [Tomcat]
18:02:53.702 [main] INFO  o.a.catalina.core.StandardEngine -Starting Servlet engine: [Apache Tomcat/9.0.38]
18:02:53.988 [main] INFO  o.a.c.c.C.[.[.[/escuelait/api/v1/microservices] -Initializing Spring embedded WebApplicationContext
18:02:53.988 [main] INFO  o.s.b.w.s.c.ServletWebServerApplicationContext -Root WebApplicationContext: initialization completed in 4885 ms
18:02:55.127 [main] INFO  s.d.s.w.PropertySourcedRequestMappingHandlerMapping -Mapped URL path [/v2/api-docs] onto method [springfox.documentation.swagger2.web.Swagger2Controller#getDocumentation(String, HttpServletRequest)]
18:02:55.434 [main] INFO  o.s.s.c.ThreadPoolTaskExecutor -Initializing ExecutorService 'applicationTaskExecutor'
18:02:55.722 [main] INFO  o.a.coyote.http11.Http11NioProtocol -Starting ProtocolHandler ["http-nio-8081"]
18:02:55.858 [main] INFO  o.s.b.w.e.tomcat.TomcatWebServer -Tomcat started on port(s): 8081 (http) with context path '/escuelait/api/v1/microservices'
18:02:55.860 [main] INFO  s.d.s.w.p.DocumentationPluginsBootstrapper -Context refreshed
18:02:55.962 [main] INFO  s.d.s.w.p.DocumentationPluginsBootstrapper -Found 1 custom documentation plugin(s)
18:02:56.068 [main] INFO  s.d.s.w.s.ApiListingReferenceScanner -Scanning for api listing references
18:02:56.740 [main] INFO  c.c.e.m.MicroservicesSrlJavaClassesApplication -Started MicroservicesSrlJavaClassesApplication in 8.791 seconds (JVM running for 10.292)
18:23:12.201 [background-preinit] INFO  o.h.validator.internal.util.Version -HV000001: Hibernate Validator 6.1.5.Final
18:23:12.340 [main] INFO  c.c.e.m.MicroservicesSrlJavaClassesApplication -Starting MicroservicesSrlJavaClassesApplication on Santiago with PID 5248 (C:\cursos\java\microservicessrl\target\classes started by SANTIAGO in C:\cursos\java\microservicessrl)
18:23:12.344 [main] INFO  c.c.e.m.MicroservicesSrlJavaClassesApplication -No active profile set, falling back to default profiles: default
18:23:16.633 [main] INFO  o.s.b.w.e.tomcat.TomcatWebServer -Tomcat initialized with port(s): 8081 (http)
18:23:16.650 [main] INFO  o.a.coyote.http11.Http11NioProtocol -Initializing ProtocolHandler ["http-nio-8081"]
18:23:16.651 [main] INFO  o.a.catalina.core.StandardService -Starting service [Tomcat]
18:23:16.652 [main] INFO  o.a.catalina.core.StandardEngine -Starting Servlet engine: [Apache Tomcat/9.0.38]
18:23:16.940 [main] INFO  o.a.c.c.C.[.[.[/escuelait/api/v1/microservices] -Initializing Spring embedded WebApplicationContext
18:23:16.940 [main] INFO  o.s.b.w.s.c.ServletWebServerApplicationContext -Root WebApplicationContext: initialization completed in 4378 ms
18:23:17.928 [main] INFO  s.d.s.w.PropertySourcedRequestMappingHandlerMapping -Mapped URL path [/v2/api-docs] onto method [springfox.documentation.swagger2.web.Swagger2Controller#getDocumentation(String, HttpServletRequest)]
18:23:18.213 [main] INFO  o.s.s.c.ThreadPoolTaskExecutor -Initializing ExecutorService 'applicationTaskExecutor'
18:23:18.527 [main] INFO  o.a.coyote.http11.Http11NioProtocol -Starting ProtocolHandler ["http-nio-8081"]
18:23:18.641 [main] INFO  o.s.b.w.e.tomcat.TomcatWebServer -Tomcat started on port(s): 8081 (http) with context path '/escuelait/api/v1/microservices'
18:23:18.643 [main] INFO  s.d.s.w.p.DocumentationPluginsBootstrapper -Context refreshed
18:23:18.701 [main] INFO  s.d.s.w.p.DocumentationPluginsBootstrapper -Found 1 custom documentation plugin(s)
18:23:18.787 [main] INFO  s.d.s.w.s.ApiListingReferenceScanner -Scanning for api listing references
18:23:19.409 [main] INFO  c.c.e.m.MicroservicesSrlJavaClassesApplication -Started MicroservicesSrlJavaClassesApplication in 7.88 seconds (JVM running for 9.18)
18:25:02.203 [http-nio-8081-exec-1] INFO  o.a.tomcat.util.http.parser.Cookie -A cookie header was received [columns":[{"id":1,"width":128,"hidden":true,"sortable":true}],"sort":{"field":"id_th_timestamp","direction":"DESC"},"group":"id_th_loglevel","filters":{}}; TESTLINK197TL_lastTestPlanForUserID_1=3; TCEditPopupWidth=953; ys-tc_exec_assignment_tplan_id_3_ext-comp-1001=a%3As%253A/2; ys-tl_exec_filter=o%3Acollapsed%3Db%253A1; TCEditPopupHeight=593; ys-tl_exec_settings=o%3Acollapsed%3Db%253A1; ys-edit_tc_tproject_id_2_ext-comp-1001=a%3As%253A/2/4/5/1351] that contained an invalid cookie. That cookie will be ignored.
 Note: further occurrences of this error will be logged at DEBUG level.
18:25:02.296 [http-nio-8081-exec-1] INFO  o.a.c.c.C.[.[.[/escuelait/api/v1/microservices] -Initializing Spring DispatcherServlet 'dispatcherServlet'
18:25:02.297 [http-nio-8081-exec-1] INFO  o.s.web.servlet.DispatcherServlet -Initializing Servlet 'dispatcherServlet'
18:25:02.312 [http-nio-8081-exec-1] INFO  o.s.web.servlet.DispatcherServlet -Completed initialization in 15 ms
